TN:
SF:C:\Users\Positivo_Computer\Desktop\broadcaster-andela-cycle-13/connection.js
FN:18,(anonymous_0)
FN:19,(anonymous_1)
FNF:2
FNH:2
FNDA:1,(anonymous_0)
FNDA:1,(anonymous_1)
DA:1,1
DA:2,1
DA:3,1
DA:4,1
DA:5,1
DA:6,1
DA:8,1
DA:9,1
DA:10,1
DA:11,1
DA:12,1
DA:13,1
DA:15,1
DA:16,1
DA:17,1
DA:18,1
DA:19,1
DA:20,1
DA:26,1
LF:19
LH:19
BRDA:18,0,0,1
BRDA:18,0,1,1
BRF:2
BRH:2
end_of_record
TN:
SF:C:\Users\Positivo_Computer\Desktop\broadcaster-andela-cycle-13\server\v2\api\config/connectionDatabase.js
FNF:0
FNH:0
DA:1,3
DA:2,3
DA:4,3
DA:5,3
DA:7,3
DA:12,3
LF:6
LH:6
BRF:0
BRH:0
end_of_record
TN:
SF:C:\Users\Positivo_Computer\Desktop\broadcaster-andela-cycle-13\server\v2\api\controllers/authUsersControllers.js
FN:20,(anonymous_5)
FN:40,(anonymous_10)
FNF:2
FNH:2
FNDA:1,(anonymous_5)
FNDA:2,(anonymous_10)
DA:1,1
DA:2,1
DA:3,1
DA:4,1
DA:10,13
DA:11,11
DA:12,11
DA:13,11
DA:20,1
DA:21,1
DA:22,1
DA:23,1
DA:24,1
DA:32,6
DA:33,3
DA:34,3
DA:35,3
DA:39,3
DA:40,2
DA:41,2
DA:42,1
DA:43,1
DA:45,1
DA:59,1
DA:60,1
LF:25
LH:25
BRDA:10,0,0,11
BRDA:10,0,1,2
BRDA:32,1,0,3
BRDA:32,1,1,3
BRDA:39,2,0,1
BRDA:39,2,1,2
BRDA:41,3,0,1
BRDA:41,3,1,1
BRF:8
BRH:8
end_of_record
TN:
SF:C:\Users\Positivo_Computer\Desktop\broadcaster-andela-cycle-13\server\v2\api\controllers/recordsContollers.js
FN:19,(anonymous_5)
FN:23,(anonymous_6)
FN:97,(anonymous_19)
FN:101,(anonymous_20)
FNF:4
FNH:4
FNDA:6,(anonymous_5)
FNDA:6,(anonymous_6)
FNDA:1,(anonymous_19)
FNDA:1,(anonymous_20)
DA:1,1
DA:2,1
DA:3,1
DA:9,12
DA:10,4
DA:11,4
DA:12,4
DA:17,8
DA:18,7
DA:19,6
DA:20,6
DA:22,7
DA:23,6
DA:24,6
DA:48,7
DA:95,3
DA:96,2
DA:97,1
DA:98,1
DA:100,2
DA:101,1
DA:102,1
DA:164,2
DA:185,1
DA:186,1
LF:25
LH:25
BRDA:9,0,0,4
BRDA:9,0,1,8
BRDA:17,1,0,7
BRDA:17,1,1,1
BRDA:18,2,0,6
BRDA:18,2,1,1
BRDA:22,3,0,6
BRDA:22,3,1,1
BRDA:35,4,0,7
BRDA:35,4,1,7
BRDA:38,5,0,7
BRDA:38,5,1,7
BRDA:39,6,0,7
BRDA:39,6,1,7
BRDA:40,7,0,7
BRDA:40,7,1,2
BRDA:41,8,0,7
BRDA:41,8,1,2
BRDA:95,9,0,2
BRDA:95,9,1,1
BRDA:96,10,0,1
BRDA:96,10,1,1
BRDA:100,11,0,1
BRDA:100,11,1,1
BRDA:107,12,0,3
BRDA:107,12,1,2
BRDA:108,13,0,3
BRDA:108,13,1,1
BRDA:109,14,0,3
BRDA:109,14,1,1
BRDA:110,15,0,3
BRDA:110,15,1,3
BRDA:111,16,0,3
BRDA:111,16,1,3
BRDA:112,17,0,3
BRDA:112,17,1,2
BRDA:113,18,0,3
BRDA:113,18,1,2
BRDA:114,19,0,3
BRDA:114,19,1,1
BRDA:134,20,0,2
BRDA:134,20,1,1
BRDA:135,21,0,2
BRDA:135,21,1,1
BRDA:159,22,0,2
BRDA:159,22,1,1
BRF:46
BRH:46
end_of_record
TN:
SF:C:\Users\Positivo_Computer\Desktop\broadcaster-andela-cycle-13\server\v2\api\helpers/createHelper.js
FN:4,schemaCreate
FN:15,checkType
FN:19,checkStatus
FN:23,Help
FNF:4
FNH:4
FNDA:12,schemaCreate
FNDA:8,checkType
FNDA:4,checkStatus
FNDA:1,Help
DA:1,1
DA:5,12
DA:12,12
DA:16,8
DA:20,4
DA:23,1
DA:24,1
DA:28,1
DA:29,1
LF:9
LH:9
BRDA:16,0,0,1
BRDA:16,0,1,7
BRDA:16,1,0,8
BRDA:16,1,1,7
BRDA:20,2,0,2
BRDA:20,2,1,2
BRDA:20,3,0,4
BRDA:20,3,1,4
BRDA:20,3,2,4
BRF:9
BRH:9
end_of_record
TN:
SF:C:\Users\Positivo_Computer\Desktop\broadcaster-andela-cycle-13\server\v2\api\helpers/email.js
FNF:0
FNH:0
DA:1,1
DA:31,1
DA:32,1
LF:3
LH:3
BRF:0
BRH:0
end_of_record
TN:
SF:C:\Users\Positivo_Computer\Desktop\broadcaster-andela-cycle-13\server\v2\api\helpers/tokenHelper.js
FN:2,Tokelp
FNF:1
FNH:1
FNDA:1,Tokelp
DA:2,1
DA:3,1
DA:4,1
DA:5,1
DA:6,1
DA:10,1
DA:11,1
LF:7
LH:7
BRF:0
BRH:0
end_of_record
TN:
SF:C:\Users\Positivo_Computer\Desktop\broadcaster-andela-cycle-13\server\v2\api\helpers/validators.js
FN:4,schemaSignUp
FN:16,schemaSignIn
FN:24,Validator
FNF:3
FNH:3
FNDA:13,schemaSignUp
FNDA:6,schemaSignIn
FNDA:1,Validator
DA:1,1
DA:5,13
DA:13,13
DA:17,6
DA:21,6
DA:24,1
DA:25,1
DA:29,1
DA:30,1
LF:9
LH:9
BRF:0
BRH:0
end_of_record
TN:
SF:C:\Users\Positivo_Computer\Desktop\broadcaster-andela-cycle-13\server\v2\api\middlewares/checkAdmin.js
FN:3,verfyAdmin
FNF:1
FNH:1
FNDA:8,verfyAdmin
DA:1,1
DA:3,1
DA:4,8
DA:5,8
DA:6,7
DA:7,6
DA:8,6
DA:10,1
DA:15,1
DA:19,1
LF:10
LH:10
BRDA:6,0,0,6
BRDA:6,0,1,1
BRF:2
BRH:2
end_of_record
TN:
SF:C:\Users\Positivo_Computer\Desktop\broadcaster-andela-cycle-13\server\v2\api\middlewares/checkUser.js
FN:3,verfUser
FNF:1
FNH:1
FNDA:41,verfUser
DA:1,1
DA:3,1
DA:4,41
DA:5,41
DA:6,39
DA:7,39
DA:9,2
DA:16,1
LF:8
LH:8
BRF:0
BRH:0
end_of_record
TN:
SF:C:\Users\Positivo_Computer\Desktop\broadcaster-andela-cycle-13\server\v2\api\middlewares/uploadFile.js
FN:4,Filelp
FN:6,destination
FN:9,filename
FNF:3
FNH:3
FNDA:1,Filelp
FNDA:14,destination
FNDA:14,filename
DA:1,1
DA:4,1
DA:5,1
DA:7,14
DA:10,14
DA:14,1
DA:15,1
DA:16,1
DA:20,1
DA:21,1
LF:10
LH:10
BRF:0
BRH:0
end_of_record
TN:
SF:C:\Users\Positivo_Computer\Desktop\broadcaster-andela-cycle-13\server\v2\api\models/DB.js
FNF:0
FNH:0
DA:1,1
DA:89,1
DA:90,1
LF:3
LH:3
BRF:0
BRH:0
end_of_record
TN:
SF:C:\Users\Positivo_Computer\Desktop\broadcaster-andela-cycle-13\server\v2\api\models\database/createTableQuerie.js
FNF:0
FNH:0
DA:1,1
DA:15,1
DA:33,1
LF:3
LH:3
BRF:0
BRH:0
end_of_record
TN:
SF:C:\Users\Positivo_Computer\Desktop\broadcaster-andela-cycle-13\server\v2\api\models\database/createTableQueries.js
FN:6,(anonymous_0)
FN:6,_callee
FN:6,allQueries
FN:19,_callee2
FNF:4
FNH:4
FNDA:1,(anonymous_0)
FNDA:11,_callee
FNDA:1,allQueries
FNDA:3,_callee2
DA:1,1
DA:2,1
DA:3,1
DA:4,1
DA:6,40
DA:16,1
DA:19,8
DA:22,1
LF:8
LH:8
BRDA:6,0,0,1
BRDA:6,0,1,1
BRDA:6,0,2,1
BRDA:6,0,3,1
BRDA:6,0,4,1
BRDA:6,0,5,1
BRDA:6,0,6,1
BRDA:6,0,7,1
BRDA:6,0,8,1
BRDA:6,0,9,1
BRDA:6,0,10,1
BRDA:6,0,11,1
BRDA:19,1,0,1
BRDA:19,1,1,1
BRDA:19,1,2,1
BRF:15
BRH:15
end_of_record
TN:
SF:C:\Users\Positivo_Computer\Desktop\broadcaster-andela-cycle-13\server\v2\api\models\database/dropTableQueries.js
FN:7,(anonymous_0)
FNF:1
FNH:1
FNDA:1,(anonymous_0)
DA:1,1
DA:3,1
DA:5,1
DA:6,1
DA:7,1
LF:5
LH:5
BRF:0
BRH:0
end_of_record
TN:
SF:C:\Users\Positivo_Computer\Desktop\broadcaster-andela-cycle-13\server\v2\api\models\database/insertDataQueries.js
FNF:0
FNH:0
DA:1,1
DA:4,1
DA:7,1
DA:10,1
DA:13,1
DA:16,1
LF:6
LH:6
BRF:0
BRH:0
end_of_record
TN:
SF:C:\Users\Positivo_Computer\Desktop\broadcaster-andela-cycle-13\server\v2\api\models\database/insertUsersQueries.js
FNF:0
FNH:0
DA:1,1
DA:4,1
DA:7,1
LF:3
LH:3
BRF:0
BRH:0
end_of_record
TN:
SF:C:\Users\Positivo_Computer\Desktop\broadcaster-andela-cycle-13\server\v2\api\routes/recordsRoute.js
FNF:0
FNH:0
DA:1,1
DA:2,1
DA:3,1
DA:4,1
DA:5,1
DA:7,1
DA:8,1
DA:17,1
LF:8
LH:8
BRF:0
BRH:0
end_of_record
TN:
SF:C:\Users\Positivo_Computer\Desktop\broadcaster-andela-cycle-13\server\v2\api\routes/usersRoute.js
FNF:0
FNH:0
DA:1,1
DA:2,1
DA:3,1
DA:5,1
DA:6,1
DA:11,1
LF:6
LH:6
BRF:0
BRH:0
end_of_record
