TN:
SF:C:\Users\Positivo_Computer\Desktop\broadcaster-andela-cycle-13/connection.js
FN:15,(anonymous_0)
FN:16,(anonymous_1)
FNF:2
FNH:2
FNDA:1,(anonymous_0)
FNDA:1,(anonymous_1)
DA:1,1
DA:2,1
DA:3,1
DA:4,1
DA:6,1
DA:7,1
DA:8,1
DA:9,1
DA:10,1
DA:11,1
DA:13,1
DA:14,1
DA:15,1
DA:16,1
DA:17,1
DA:23,1
LF:16
LH:16
BRDA:15,0,0,1
BRDA:15,0,1,1
BRF:2
BRH:2
end_of_record
TN:
SF:C:\Users\Positivo_Computer\Desktop\broadcaster-andela-cycle-13\server\v1\api\controllers/allRecords.js
FN:7,retrieveAllRecords
FNF:1
FNH:1
FNDA:1,retrieveAllRecords
DA:1,1
DA:2,1
DA:3,1
DA:4,1
DA:6,1
DA:7,1
DA:9,1
DA:10,1
DA:11,1
DA:12,1
DA:15,1
LF:11
LH:11
BRF:0
BRH:0
end_of_record
TN:
SF:C:\Users\Positivo_Computer\Desktop\broadcaster-andela-cycle-13\server\v1\api\controllers/allUser.js
FN:7,retrieveAllUsers
FNF:1
FNH:1
FNDA:2,retrieveAllUsers
DA:1,1
DA:2,1
DA:3,1
DA:4,1
DA:6,1
DA:7,1
DA:9,2
DA:10,2
DA:11,2
DA:12,2
DA:15,1
LF:11
LH:11
BRF:0
BRH:0
end_of_record
TN:
SF:C:\Users\Positivo_Computer\Desktop\broadcaster-andela-cycle-13\server\v1\api\controllers/changesStatus.js
FN:7,adminchangeStatusOfOneRecord
FNF:1
FNH:1
FNDA:4,adminchangeStatusOfOneRecord
DA:1,1
DA:2,1
DA:3,1
DA:4,1
DA:6,1
DA:7,1
DA:9,4
DA:10,4
DA:12,4
DA:13,4
DA:15,4
DA:16,1
DA:18,3
DA:19,1
DA:21,2
DA:22,2
DA:25,1
LF:17
LH:17
BRDA:15,0,0,1
BRDA:15,0,1,3
BRDA:18,1,0,1
BRDA:18,1,1,2
BRF:4
BRH:4
end_of_record
TN:
SF:C:\Users\Positivo_Computer\Desktop\broadcaster-andela-cycle-13\server\v1\api\controllers/createRecord.js
FN:7,createOneRecords
FN:26,(anonymous_1)
FN:30,(anonymous_2)
FNF:3
FNH:3
FNDA:6,createOneRecords
FNDA:1,(anonymous_1)
FNDA:1,(anonymous_2)
DA:1,1
DA:2,1
DA:3,1
DA:4,1
DA:6,1
DA:7,1
DA:8,6
DA:9,6
DA:10,6
DA:11,6
DA:13,6
DA:14,6
DA:16,5
DA:17,5
DA:19,4
DA:20,4
DA:24,3
DA:25,2
DA:26,1
DA:27,1
DA:29,2
DA:30,1
DA:31,1
DA:35,3
DA:46,3
DA:47,3
DA:48,3
DA:51,1
LF:28
LH:28
BRDA:14,0,0,1
BRDA:14,0,1,5
BRDA:17,1,0,1
BRDA:17,1,1,4
BRDA:20,2,0,1
BRDA:20,2,1,3
BRDA:24,3,0,2
BRDA:24,3,1,1
BRDA:25,4,0,1
BRDA:25,4,1,1
BRDA:29,5,0,1
BRDA:29,5,1,1
BRDA:37,6,0,3
BRDA:37,6,1,3
BRF:14
BRH:14
end_of_record
TN:
SF:C:\Users\Positivo_Computer\Desktop\broadcaster-andela-cycle-13\server\v1\api\controllers/deleteRecord.js
FN:7,deleteRecord
FNF:1
FNH:1
FNDA:4,deleteRecord
DA:1,1
DA:2,1
DA:3,1
DA:4,1
DA:6,1
DA:7,1
DA:9,4
DA:10,4
DA:12,4
DA:13,4
DA:14,4
DA:15,1
DA:18,3
DA:19,1
DA:21,2
DA:22,1
DA:24,1
DA:25,1
DA:28,1
LF:19
LH:19
BRDA:14,0,0,1
BRDA:14,0,1,3
BRDA:18,1,0,1
BRDA:18,1,1,2
BRDA:21,2,0,1
BRDA:21,2,1,1
BRF:6
BRH:6
end_of_record
TN:
SF:C:\Users\Positivo_Computer\Desktop\broadcaster-andela-cycle-13\server\v1\api\controllers/oneRecord.js
FN:7,retrieveOneRecords
FNF:1
FNH:1
FNDA:3,retrieveOneRecords
DA:1,1
DA:2,1
DA:3,1
DA:4,1
DA:6,1
DA:7,1
DA:9,3
DA:10,3
DA:12,3
DA:13,3
DA:14,1
DA:16,2
DA:17,2
DA:18,1
DA:20,1
DA:23,1
LF:16
LH:16
BRDA:13,0,0,1
BRDA:13,0,1,2
BRDA:17,1,0,1
BRDA:17,1,1,1
BRF:4
BRH:4
end_of_record
TN:
SF:C:\Users\Positivo_Computer\Desktop\broadcaster-andela-cycle-13\server\v1\api\controllers/signin.js
FN:7,loginUser
FN:21,(anonymous_1)
FNF:2
FNH:2
FNDA:6,loginUser
FNDA:2,(anonymous_1)
DA:1,1
DA:2,1
DA:3,1
DA:4,1
DA:5,1
DA:7,1
DA:8,6
DA:9,6
DA:11,6
DA:12,6
DA:13,5
DA:14,5
DA:15,4
DA:16,4
DA:19,3
DA:20,3
DA:21,2
DA:22,2
DA:23,1
DA:24,1
DA:25,1
DA:27,1
DA:33,1
LF:23
LH:23
BRDA:12,0,0,1
BRDA:12,0,1,5
BRDA:14,1,0,1
BRDA:14,1,1,4
BRDA:16,2,0,1
BRDA:16,2,1,3
BRDA:20,3,0,1
BRDA:20,3,1,2
BRDA:22,4,0,1
BRDA:22,4,1,1
BRF:10
BRH:10
end_of_record
TN:
SF:C:\Users\Positivo_Computer\Desktop\broadcaster-andela-cycle-13\server\v1\api\controllers/signup.js
FN:7,signupUser
FN:36,(anonymous_1)
FNF:2
FNH:2
FNDA:13,signupUser
FNDA:1,(anonymous_1)
DA:1,1
DA:2,1
DA:3,1
DA:4,1
DA:5,1
DA:7,1
DA:8,13
DA:9,13
DA:10,13
DA:11,13
DA:12,12
DA:13,12
DA:14,11
DA:15,11
DA:16,10
DA:17,10
DA:18,9
DA:19,9
DA:20,8
DA:21,8
DA:22,7
DA:23,7
DA:24,6
DA:25,6
DA:26,5
DA:27,5
DA:28,4
DA:29,4
DA:30,3
DA:31,3
DA:32,2
DA:33,2
DA:35,1
DA:36,1
DA:37,1
DA:45,1
DA:46,1
DA:47,1
DA:48,1
DA:49,1
DA:50,1
DA:54,1
LF:42
LH:42
BRDA:11,0,0,1
BRDA:11,0,1,12
BRDA:13,1,0,1
BRDA:13,1,1,11
BRDA:15,2,0,1
BRDA:15,2,1,10
BRDA:17,3,0,1
BRDA:17,3,1,9
BRDA:19,4,0,1
BRDA:19,4,1,8
BRDA:21,5,0,1
BRDA:21,5,1,7
BRDA:23,6,0,1
BRDA:23,6,1,6
BRDA:25,7,0,1
BRDA:25,7,1,5
BRDA:27,8,0,1
BRDA:27,8,1,4
BRDA:29,9,0,1
BRDA:29,9,1,3
BRDA:31,10,0,1
BRDA:31,10,1,2
BRDA:33,11,0,1
BRDA:33,11,1,1
BRF:24
BRH:24
end_of_record
TN:
SF:C:\Users\Positivo_Computer\Desktop\broadcaster-andela-cycle-13\server\v1\api\controllers/updateComment.js
FN:7,updateOneRecordsComment
FN:31,(anonymous_1)
FN:35,(anonymous_2)
FNF:3
FNH:3
FNDA:6,updateOneRecordsComment
FNDA:1,(anonymous_1)
FNDA:1,(anonymous_2)
DA:1,1
DA:2,1
DA:3,1
DA:4,1
DA:6,1
DA:7,1
DA:8,6
DA:9,6
DA:10,6
DA:11,6
DA:13,6
DA:14,6
DA:16,6
DA:17,1
DA:20,5
DA:21,1
DA:23,4
DA:24,1
DA:29,3
DA:30,2
DA:31,1
DA:32,1
DA:34,2
DA:35,1
DA:36,1
DA:40,3
DA:51,3
DA:52,3
DA:55,1
LF:29
LH:29
BRDA:16,0,0,1
BRDA:16,0,1,5
BRDA:20,1,0,1
BRDA:20,1,1,4
BRDA:23,2,0,1
BRDA:23,2,1,3
BRDA:29,3,0,2
BRDA:29,3,1,1
BRDA:30,4,0,1
BRDA:30,4,1,1
BRDA:34,5,0,1
BRDA:34,5,1,1
BRF:12
BRH:12
end_of_record
TN:
SF:C:\Users\Positivo_Computer\Desktop\broadcaster-andela-cycle-13\server\v1\api\controllers/updateLocation.js
FN:7,updateOneRecordsLocation
FNF:1
FNH:1
FNDA:5,updateOneRecordsLocation
DA:1,1
DA:2,1
DA:3,1
DA:4,1
DA:6,1
DA:7,1
DA:9,5
DA:10,5
DA:12,5
DA:13,5
DA:15,5
DA:16,1
DA:18,4
DA:19,1
DA:21,3
DA:22,1
DA:24,2
DA:25,2
DA:28,1
LF:19
LH:19
BRDA:15,0,0,1
BRDA:15,0,1,4
BRDA:18,1,0,1
BRDA:18,1,1,3
BRDA:21,2,0,1
BRDA:21,2,1,2
BRF:6
BRH:6
end_of_record
TN:
SF:C:\Users\Positivo_Computer\Desktop\broadcaster-andela-cycle-13\server\v1\api\helpers/createHelper.js
FN:2,check_title_if_is_empty
FN:6,check_type_if_is_empty
FN:10,check_comment_if_is_empty
FN:14,Help
FNF:4
FNH:4
FNDA:6,check_title_if_is_empty
FNDA:5,check_type_if_is_empty
FNDA:4,check_comment_if_is_empty
FNDA:1,Help
DA:3,6
DA:7,5
DA:11,4
DA:14,1
DA:15,1
DA:19,1
DA:20,1
LF:7
LH:7
BRF:0
BRH:0
end_of_record
TN:
SF:C:\Users\Positivo_Computer\Desktop\broadcaster-andela-cycle-13\server\v1\api\helpers/signupHelper.js
FN:2,check_firstName_if_is_empty
FN:6,check_lastName_if_is_empty
FN:10,check_userName_if_is_empty
FN:14,check_email_if_is_empty
FN:18,check_phone_if_is_empty
FN:22,check_email
FN:30,check_password_if_is_empty
FN:34,check_length_password
FN:40,check_if_password_contains_number
FN:46,check_if_password_contains_special_character
FN:52,check_if_the_use_sample
FN:56,Help
FNF:12
FNH:12
FNDA:13,check_firstName_if_is_empty
FNDA:12,check_lastName_if_is_empty
FNDA:11,check_userName_if_is_empty
FNDA:16,check_email_if_is_empty
FNDA:7,check_phone_if_is_empty
FNDA:14,check_email
FNDA:10,check_password_if_is_empty
FNDA:5,check_length_password
FNDA:4,check_if_password_contains_number
FNDA:3,check_if_password_contains_special_character
FNDA:2,check_if_the_use_sample
FNDA:1,Help
DA:3,13
DA:7,12
DA:11,11
DA:15,16
DA:19,7
DA:23,14
DA:24,14
DA:25,14
DA:26,14
DA:27,14
DA:31,10
DA:35,5
DA:36,5
DA:37,5
DA:41,4
DA:42,4
DA:43,4
DA:47,3
DA:48,3
DA:49,3
DA:53,2
DA:56,1
DA:57,1
DA:61,1
DA:62,1
LF:25
LH:25
BRF:0
BRH:0
end_of_record
TN:
SF:C:\Users\Positivo_Computer\Desktop\broadcaster-andela-cycle-13\server\v1\api\middlewares/checkAdmin.js
FN:5,verfy_admin
FNF:1
FNH:1
FNDA:6,verfy_admin
DA:1,1
DA:2,1
DA:4,1
DA:5,1
DA:6,6
DA:7,6
DA:8,6
DA:9,5
DA:11,1
DA:15,1
LF:10
LH:10
BRDA:9,0,0,4
BRDA:9,0,1,1
BRF:2
BRH:2
end_of_record
TN:
SF:C:\Users\Positivo_Computer\Desktop\broadcaster-andela-cycle-13\server\v1\api\middlewares/checkUser.js
FN:5,verfy_user
FNF:1
FNH:1
FNDA:29,verfy_user
DA:1,1
DA:2,1
DA:4,1
DA:5,1
DA:6,29
DA:7,29
DA:8,29
DA:9,27
DA:11,2
DA:15,1
LF:10
LH:10
BRF:0
BRH:0
end_of_record
TN:
SF:C:\Users\Positivo_Computer\Desktop\broadcaster-andela-cycle-13\server\v1\api\middlewares/uploadFile.js
FN:4,Filelp
FN:6,destination
FN:9,filename
FNF:3
FNH:3
FNDA:1,Filelp
FNDA:4,destination
FNDA:4,filename
DA:1,1
DA:4,1
DA:5,1
DA:7,4
DA:10,4
DA:14,1
DA:15,1
DA:16,1
DA:20,1
DA:21,1
LF:10
LH:10
BRF:0
BRH:0
end_of_record
TN:
SF:C:\Users\Positivo_Computer\Desktop\broadcaster-andela-cycle-13\server\v1\api\models/DB.js
FN:2,StoreData
FN:99,check_if_email_exist
FN:101,(anonymous_3)
FN:105,create
FN:122,createe
FN:143,updateComment
FN:160,updateLocation
FN:177,changeStatus
FN:195,fetchAllUser
FN:199,fetchAllRecords
FN:203,fetchOneRecord
FN:204,(anonymous_12)
FN:207,fetchLastCreatedRecord
FN:208,(anonymous_14)
FN:211,_delete
FNF:15
FNH:15
FNDA:1,StoreData
FNDA:12,check_if_email_exist
FNDA:24,(anonymous_3)
FNDA:1,create
FNDA:3,createe
FNDA:3,updateComment
FNDA:2,updateLocation
FNDA:2,changeStatus
FNDA:2,fetchAllUser
FNDA:1,fetchAllRecords
FNDA:29,fetchOneRecord
FNDA:121,(anonymous_12)
FNDA:3,fetchLastCreatedRecord
FNDA:3,(anonymous_14)
FNDA:1,_delete
DA:2,1
DA:3,1
DA:30,1
DA:100,12
DA:101,24
DA:102,12
DA:106,1
DA:118,1
DA:119,1
DA:123,3
DA:139,3
DA:140,3
DA:144,3
DA:145,3
DA:146,3
DA:147,3
DA:148,3
DA:149,3
DA:150,3
DA:151,3
DA:152,3
DA:153,3
DA:154,3
DA:155,3
DA:156,3
DA:157,3
DA:161,2
DA:162,2
DA:163,2
DA:164,2
DA:165,2
DA:166,2
DA:167,2
DA:168,2
DA:169,2
DA:170,2
DA:171,2
DA:172,2
DA:173,2
DA:174,2
DA:178,2
DA:179,2
DA:180,2
DA:181,2
DA:182,2
DA:183,2
DA:184,2
DA:185,2
DA:186,2
DA:187,2
DA:188,2
DA:189,2
DA:190,2
DA:191,2
DA:192,2
DA:196,2
DA:200,1
DA:204,121
DA:208,3
DA:212,1
DA:213,1
DA:214,1
DA:215,1
DA:218,1
DA:219,1
LF:65
LH:65
BRDA:129,0,0,3
BRDA:129,0,1,3
BRDA:129,1,0,3
BRDA:129,1,1,3
BRDA:130,2,0,3
BRDA:130,2,1,3
BRDA:131,3,0,3
BRDA:131,3,1,3
BRDA:133,4,0,3
BRDA:133,4,1,2
BRDA:134,5,0,3
BRDA:134,5,1,2
BRDA:146,6,0,3
BRDA:146,6,1,2
BRDA:147,7,0,3
BRDA:147,7,1,1
BRDA:148,8,0,3
BRDA:148,8,1,1
BRDA:149,9,0,3
BRDA:149,9,1,3
BRDA:149,10,0,3
BRDA:149,10,1,3
BRDA:150,11,0,3
BRDA:150,11,1,3
BRDA:151,12,0,3
BRDA:151,12,1,3
BRDA:152,13,0,3
BRDA:152,13,1,2
BRDA:153,14,0,3
BRDA:153,14,1,2
BRDA:154,15,0,3
BRDA:154,15,1,1
BRDA:166,16,0,2
BRDA:166,16,1,1
BRDA:166,17,0,2
BRDA:166,17,1,1
BRDA:167,18,0,2
BRDA:167,18,1,1
BRDA:168,19,0,2
BRDA:168,19,1,1
BRDA:186,20,0,2
BRDA:186,20,1,1
BRF:42
BRH:42
end_of_record
TN:
SF:C:\Users\Positivo_Computer\Desktop\broadcaster-andela-cycle-13\server\v1\api\routes/Router.js
FNF:0
FNH:0
DA:1,1
DA:2,1
DA:3,1
DA:4,1
DA:5,1
DA:6,1
DA:7,1
DA:8,1
DA:9,1
DA:10,1
DA:11,1
DA:12,1
DA:13,1
DA:14,1
DA:15,1
DA:17,1
DA:19,1
DA:33,1
LF:18
LH:18
BRF:0
BRH:0
end_of_record
